<?xml version="1.0" encoding="UTF-8"?>
<!-- Generated by org.testng.reporters.JUnitXMLReporter -->
<testsuite ignored="0" hostname="DESKTOP-V8R5LUC" failures="0" tests="3" name="Default test" time="4.337" errors="0" timestamp="2021-06-22T00:47:35 IST">
  <testcase classname="Re_assuredDemo.TC_01POST" name="test_01p" time="2.908"/>
  <testcase classname="Re_assuredDemo.TC_01POST" name="test_02p" time="0.773"/>
  <testcase classname="Re_assuredDemo.TC_01POST" name="test_03p" time="0.603"/>
</testsuite> <!-- Default test -->
